[01mRunning Sphinx v4.5.0[39;49;00m
Initializing Spelling Checker 7.3.2
[01mloading pickled environment... [39;49;00mdone
loading intersphinx inventory from /opt/airflow/docs/_inventory_cache/boto3/objects.inv...
loading intersphinx inventory from /opt/airflow/docs/_inventory_cache/celery/objects.inv...
loading intersphinx inventory from /opt/airflow/docs/_inventory_cache/docker/objects.inv...
loading intersphinx inventory from /opt/airflow/docs/_inventory_cache/hdfs/objects.inv...
loading intersphinx inventory from /opt/airflow/docs/_inventory_cache/jinja2/objects.inv...
loading intersphinx inventory from /opt/airflow/docs/_inventory_cache/mongodb/objects.inv...
loading intersphinx inventory from /opt/airflow/docs/_inventory_cache/pandas/objects.inv...
loading intersphinx inventory from /opt/airflow/docs/_inventory_cache/python/objects.inv...
loading intersphinx inventory from /opt/airflow/docs/_inventory_cache/requests/objects.inv...
loading intersphinx inventory from /opt/airflow/docs/_inventory_cache/sqlalchemy/objects.inv...
loading intersphinx inventory from /opt/airflow/docs/_inventory_cache/apache-airflow-providers-airbyte/objects.inv...
loading intersphinx inventory from /opt/airflow/docs/_inventory_cache/apache-airflow-providers-alibaba/objects.inv...
loading intersphinx inventory from /opt/airflow/docs/_inventory_cache/apache-airflow-providers-amazon/objects.inv...
loading intersphinx inventory from /opt/airflow/docs/_inventory_cache/apache-airflow-providers-apache-beam/objects.inv...
loading intersphinx inventory from /opt/airflow/docs/_inventory_cache/apache-airflow-providers-apache-cassandra/objects.inv...
loading intersphinx inventory from /opt/airflow/docs/_inventory_cache/apache-airflow-providers-apache-drill/objects.inv...
loading intersphinx inventory from /opt/airflow/docs/_inventory_cache/apache-airflow-providers-apache-druid/objects.inv...
loading intersphinx inventory from /opt/airflow/docs/_inventory_cache/apache-airflow-providers-apache-hdfs/objects.inv...
loading intersphinx inventory from /opt/airflow/docs/_inventory_cache/apache-airflow-providers-apache-hive/objects.inv...
loading intersphinx inventory from /opt/airflow/docs/_inventory_cache/apache-airflow-providers-apache-kylin/objects.inv...
loading intersphinx inventory from /opt/airflow/docs/_inventory_cache/apache-airflow-providers-apache-livy/objects.inv...
loading intersphinx inventory from /opt/airflow/docs/_inventory_cache/apache-airflow-providers-apache-pig/objects.inv...
loading intersphinx inventory from /opt/airflow/docs/_inventory_cache/apache-airflow-providers-apache-pinot/objects.inv...
loading intersphinx inventory from /opt/airflow/docs/_inventory_cache/apache-airflow-providers-apache-spark/objects.inv...
loading intersphinx inventory from /opt/airflow/docs/_inventory_cache/apache-airflow-providers-apache-sqoop/objects.inv...
loading intersphinx inventory from /opt/airflow/docs/_inventory_cache/apache-airflow-providers-arangodb/objects.inv...
loading intersphinx inventory from /opt/airflow/docs/_inventory_cache/apache-airflow-providers-asana/objects.inv...
loading intersphinx inventory from /opt/airflow/docs/_inventory_cache/apache-airflow-providers-celery/objects.inv...
loading intersphinx inventory from /opt/airflow/docs/_inventory_cache/apache-airflow-providers-cncf-kubernetes/objects.inv...
loading intersphinx inventory from /opt/airflow/docs/_inventory_cache/apache-airflow-providers-databricks/objects.inv...
loading intersphinx inventory from /opt/airflow/docs/_inventory_cache/apache-airflow-providers-datadog/objects.inv...
loading intersphinx inventory from /opt/airflow/docs/_inventory_cache/apache-airflow-providers-dbt-cloud/objects.inv...
loading intersphinx inventory from /opt/airflow/docs/_inventory_cache/apache-airflow-providers-dingding/objects.inv...
loading intersphinx inventory from /opt/airflow/docs/_inventory_cache/apache-airflow-providers-discord/objects.inv...
loading intersphinx inventory from /opt/airflow/docs/_inventory_cache/apache-airflow-providers-docker/objects.inv...
loading intersphinx inventory from /opt/airflow/docs/_inventory_cache/apache-airflow-providers-elasticsearch/objects.inv...
loading intersphinx inventory from /opt/airflow/docs/_inventory_cache/apache-airflow-providers-exasol/objects.inv...
loading intersphinx inventory from /opt/airflow/docs/_inventory_cache/apache-airflow-providers-facebook/objects.inv...
loading intersphinx inventory from /opt/airflow/docs/_inventory_cache/apache-airflow-providers-ftp/objects.inv...
loading intersphinx inventory from /opt/airflow/docs/_inventory_cache/apache-airflow-providers-github/objects.inv...
loading intersphinx inventory from /opt/airflow/docs/_inventory_cache/apache-airflow-providers-google/objects.inv...
loading intersphinx inventory from /opt/airflow/docs/_inventory_cache/apache-airflow-providers-grpc/objects.inv...
loading intersphinx inventory from /opt/airflow/docs/_inventory_cache/apache-airflow-providers-hashicorp/objects.inv...
loading intersphinx inventory from /opt/airflow/docs/_inventory_cache/apache-airflow-providers-http/objects.inv...
loading intersphinx inventory from /opt/airflow/docs/_inventory_cache/apache-airflow-providers-imap/objects.inv...
loading intersphinx inventory from /opt/airflow/docs/_inventory_cache/apache-airflow-providers-influxdb/objects.inv...
loading intersphinx inventory from /opt/airflow/docs/_inventory_cache/apache-airflow-providers-jdbc/objects.inv...
loading intersphinx inventory from /opt/airflow/docs/_inventory_cache/apache-airflow-providers-jenkins/objects.inv...
loading intersphinx inventory from /opt/airflow/docs/_inventory_cache/apache-airflow-providers-jira/objects.inv...
loading intersphinx inventory from /opt/airflow/docs/_inventory_cache/apache-airflow-providers-microsoft-azure/objects.inv...
loading intersphinx inventory from /opt/airflow/docs/_inventory_cache/apache-airflow-providers-microsoft-mssql/objects.inv...
loading intersphinx inventory from /opt/airflow/docs/_inventory_cache/apache-airflow-providers-microsoft-psrp/objects.inv...
loading intersphinx inventory from /opt/airflow/docs/_inventory_cache/apache-airflow-providers-microsoft-winrm/objects.inv...
loading intersphinx inventory from /opt/airflow/docs/_inventory_cache/apache-airflow-providers-mongo/objects.inv...
loading intersphinx inventory from /opt/airflow/docs/_inventory_cache/apache-airflow-providers-mysql/objects.inv...
loading intersphinx inventory from /opt/airflow/docs/_inventory_cache/apache-airflow-providers-neo4j/objects.inv...
loading intersphinx inventory from /opt/airflow/docs/_inventory_cache/apache-airflow-providers-odbc/objects.inv...
loading intersphinx inventory from /opt/airflow/docs/_inventory_cache/apache-airflow-providers-openfaas/objects.inv...
loading intersphinx inventory from /opt/airflow/docs/_inventory_cache/apache-airflow-providers-opsgenie/objects.inv...
loading intersphinx inventory from /opt/airflow/docs/_inventory_cache/apache-airflow-providers-oracle/objects.inv...
loading intersphinx inventory from /opt/airflow/docs/_inventory_cache/apache-airflow-providers-pagerduty/objects.inv...
loading intersphinx inventory from /opt/airflow/docs/_inventory_cache/apache-airflow-providers-papermill/objects.inv...
loading intersphinx inventory from /opt/airflow/docs/_inventory_cache/apache-airflow-providers-plexus/objects.inv...
loading intersphinx inventory from /opt/airflow/docs/_inventory_cache/apache-airflow-providers-postgres/objects.inv...
loading intersphinx inventory from /opt/airflow/docs/_inventory_cache/apache-airflow-providers-presto/objects.inv...
loading intersphinx inventory from /opt/airflow/docs/_inventory_cache/apache-airflow-providers-qubole/objects.inv...
loading intersphinx inventory from /opt/airflow/docs/_inventory_cache/apache-airflow-providers-redis/objects.inv...
loading intersphinx inventory from /opt/airflow/docs/_inventory_cache/apache-airflow-providers-salesforce/objects.inv...
loading intersphinx inventory from /opt/airflow/docs/_inventory_cache/apache-airflow-providers-samba/objects.inv...
loading intersphinx inventory from /opt/airflow/docs/_inventory_cache/apache-airflow-providers-segment/objects.inv...
loading intersphinx inventory from /opt/airflow/docs/_inventory_cache/apache-airflow-providers-sendgrid/objects.inv...
loading intersphinx inventory from /opt/airflow/docs/_inventory_cache/apache-airflow-providers-sftp/objects.inv...
loading intersphinx inventory from /opt/airflow/docs/_inventory_cache/apache-airflow-providers-singularity/objects.inv...
loading intersphinx inventory from /opt/airflow/docs/_inventory_cache/apache-airflow-providers-slack/objects.inv...
loading intersphinx inventory from /opt/airflow/docs/_inventory_cache/apache-airflow-providers-snowflake/objects.inv...
loading intersphinx inventory from /opt/airflow/docs/_inventory_cache/apache-airflow-providers-sqlite/objects.inv...
loading intersphinx inventory from /opt/airflow/docs/_inventory_cache/apache-airflow-providers-ssh/objects.inv...
loading intersphinx inventory from /opt/airflow/docs/_inventory_cache/apache-airflow-providers-tableau/objects.inv...
loading intersphinx inventory from /opt/airflow/docs/_inventory_cache/apache-airflow-providers-telegram/objects.inv...
loading intersphinx inventory from /opt/airflow/docs/_inventory_cache/apache-airflow-providers-trino/objects.inv...
loading intersphinx inventory from /opt/airflow/docs/_inventory_cache/apache-airflow-providers-vertica/objects.inv...
loading intersphinx inventory from /opt/airflow/docs/_inventory_cache/apache-airflow-providers-yandex/objects.inv...
loading intersphinx inventory from /opt/airflow/docs/_inventory_cache/apache-airflow-providers-zendesk/objects.inv...
loading intersphinx inventory from /opt/airflow/docs/_inventory_cache/apache-airflow/objects.inv...
loading intersphinx inventory from /opt/airflow/docs/_inventory_cache/helm-chart/objects.inv...
loading intersphinx inventory from /opt/airflow/docs/_inventory_cache/apache-airflow-providers/objects.inv...
loading intersphinx inventory from /opt/airflow/docs/_inventory_cache/docker-stack/objects.inv...
Could not found the redirect file: /opt/airflow/docs/apache-airflow-providers-cloudant/redirects.txt
[01m[01m[AutoAPI] Reading files... [39;49;00m[39;49;00m[ 33%] [32m/opt/airflow/airflow/providers/cloudant/__init__.py[39;49;00m                                                                                                                                                                                                                            [01m[01m[AutoAPI] Reading files... [39;49;00m[39;49;00m[ 66%] [32m/opt/airflow/airflow/providers/cloudant/hooks/__init__.py[39;49;00m                                                                                                                                                                                                                      [01m[01m[AutoAPI] Reading files... [39;49;00m[39;49;00m[100%] [32m/opt/airflow/airflow/providers/cloudant/hooks/cloudant.py[39;49;00m                                                                                                                                                                                                                      
[01m[01m[AutoAPI] [39;49;00mMapping Data... [39;49;00m[ 33%] [32m/opt/airflow/airflow/providers/cloudant/__init__.py[39;49;00m                                                                                                                                                                                                                             [01m[01m[AutoAPI] [39;49;00mMapping Data... [39;49;00m[ 66%] [32m/opt/airflow/airflow/providers/cloudant/hooks/__init__.py[39;49;00m                                                                                                                                                                                                                       [01m[01m[AutoAPI] [39;49;00mMapping Data... [39;49;00m[100%] [32m/opt/airflow/airflow/providers/cloudant/hooks/cloudant.py[39;49;00m                                                                                                                                                                                                                       
[01m[01m[AutoAPI] [39;49;00mRendering Data... [39;49;00m[ 33%] [32mairflow.providers.cloudant[39;49;00m
[01m[01m[AutoAPI] [39;49;00mRendering Data... [39;49;00m[ 66%] [32mairflow.providers.cloudant.hooks[39;49;00m
[01m[01m[AutoAPI] [39;49;00mRendering Data... [39;49;00m[100%] [32mairflow.providers.cloudant.hooks.cloudant[39;49;00m

[autosummary] generating autosummary for: _api/airflow/providers/cloudant/hooks/cloudant/index.rst, _api/airflow/providers/cloudant/hooks/index.rst, _api/airflow/providers/cloudant/index.rst, commits.rst, index.rst, installing-providers-from-sources.rst
[01mbuilding [mo]: [39;49;00mtargets for 0 po files that are out of date
[01mbuilding [html]: [39;49;00mtargets for 6 source files that are out of date
[01mupdating environment: [39;49;00m[config changed ('intersphinx_mapping')] 6 added, 0 changed, 0 removed
[01mreading sources... [39;49;00m[ 16%] [35m_api/airflow/providers/cloudant/hooks/cloudant/index[39;49;00m                                                                                                                                                                                                                                   [01mreading sources... [39;49;00m[ 33%] [35m_api/airflow/providers/cloudant/hooks/index[39;49;00m                                                                                                                                                                                                                                            [01mreading sources... [39;49;00m[ 50%] [35m_api/airflow/providers/cloudant/index[39;49;00m                                                                                                                                                                                                                                                  [01mreading sources... [39;49;00m[ 66%] [35mcommits[39;49;00m                                                                                                                                                                                                                                                                                [01mreading sources... [39;49;00m[ 83%] [35mindex[39;49;00m                                                                                                                                                                                                                                                                                  [01mreading sources... [39;49;00m[100%] [35minstalling-providers-from-sources[39;49;00m                                                                                                                                                                                                                                                      
[01mlooking for now-outdated files... [39;49;00mnone found
[01mpickling environment... [39;49;00mdone
[01mchecking consistency... [39;49;00mdone
[01mpreparing documents... [39;49;00mdone
[01mwriting output... [39;49;00m[ 16%] [32m_api/airflow/providers/cloudant/hooks/cloudant/index[39;49;00m                                                                                                                                                                                                                                    [01mwriting output... [39;49;00m[ 33%] [32m_api/airflow/providers/cloudant/hooks/index[39;49;00m                                                                                                                                                                                                                                             [01mwriting output... [39;49;00m[ 50%] [32m_api/airflow/providers/cloudant/index[39;49;00m                                                                                                                                                                                                                                                   [01mwriting output... [39;49;00m[ 66%] [32mcommits[39;49;00m                                                                                                                                                                                                                                                                                 [01mwriting output... [39;49;00m[ 83%] [32mindex[39;49;00m                                                                                                                                                                                                                                                                                   [01mwriting output... [39;49;00m[100%] [32minstalling-providers-from-sources[39;49;00m                                                                                                                                                                                                                                                       
[01mgenerating indices... [39;49;00mgenindex py-modindex done
[01mhighlighting module code... [39;49;00m[100%] [94mairflow.providers.cloudant.hooks.cloudant[39;49;00m                                                                                                                                                                                                                                     
[01mwriting additional pages... [39;49;00msearch done
[01mcopying static files... [39;49;00mdone
[01mcopying extra files... [39;49;00mdone
[01mdumping search index in English (code: en)... [39;49;00mdone
[01mdumping object inventory... [39;49;00mdone
[01mbuild succeeded.[39;49;00m

The HTML pages are in ../_build/docs/apache-airflow-providers-cloudant/stable.
