[01mRunning Sphinx v3.4.3[39;49;00m
/usr/local/lib/python3.8/importlib/__init__.py:127 RemovedInSphinx40Warning: The alias 'sphinx.ext.autodoc.importer.mock' is deprecated, use 'sphinx.ext.autodoc.mock.mock' instead. Check CHANGES for Sphinx API modifications.
Initializing Spelling Checker 5.2.1
/usr/local/lib/python3.8/site-packages/sphinx_airflow_theme/__init__.py:39 RemovedInSphinx40Warning: The app.add_stylesheet() is deprecated. Please use app.add_css_file() instead.
[01mloading pickled environment... [39;49;00mdone
Ignoring wiki words
Ignoring acronyms
Ignoring Python builtins
Ignoring importable module names
Adding contents of /opt/airflow/docs/spelling_wordlist.txt to custom word list
Looking for custom word list in /tmp/tmpel069g85/spelling_wordlist.txt
loading intersphinx inventory from /opt/airflow/docs/_inventory_cache/boto3/objects.inv...
loading intersphinx inventory from /opt/airflow/docs/_inventory_cache/celery/objects.inv...
loading intersphinx inventory from /opt/airflow/docs/_inventory_cache/hdfs/objects.inv...
loading intersphinx inventory from /opt/airflow/docs/_inventory_cache/jinja2/objects.inv...
loading intersphinx inventory from /opt/airflow/docs/_inventory_cache/mongodb/objects.inv...
loading intersphinx inventory from /opt/airflow/docs/_inventory_cache/pandas/objects.inv...
loading intersphinx inventory from /opt/airflow/docs/_inventory_cache/python/objects.inv...
loading intersphinx inventory from /opt/airflow/docs/_inventory_cache/requests/objects.inv...
loading intersphinx inventory from /opt/airflow/docs/_inventory_cache/sqlalchemy/objects.inv...
loading intersphinx inventory from /opt/airflow/docs/_build/docs/apache-airflow-providers-airbyte/stable/objects.inv...
loading intersphinx inventory from /opt/airflow/docs/_build/docs/apache-airflow-providers-amazon/stable/objects.inv...
loading intersphinx inventory from /opt/airflow/docs/_build/docs/apache-airflow-providers-apache-beam/stable/objects.inv...
loading intersphinx inventory from /opt/airflow/docs/_build/docs/apache-airflow-providers-apache-cassandra/stable/objects.inv...
loading intersphinx inventory from /opt/airflow/docs/_build/docs/apache-airflow-providers-apache-druid/stable/objects.inv...
loading intersphinx inventory from /opt/airflow/docs/_build/docs/apache-airflow-providers-apache-hdfs/stable/objects.inv...
loading intersphinx inventory from /opt/airflow/docs/_build/docs/apache-airflow-providers-apache-kylin/stable/objects.inv...
loading intersphinx inventory from /opt/airflow/docs/_build/docs/apache-airflow-providers-apache-hive/stable/objects.inv...
loading intersphinx inventory from /opt/airflow/docs/_build/docs/apache-airflow-providers-apache-livy/stable/objects.inv...
loading intersphinx inventory from /opt/airflow/docs/_build/docs/apache-airflow-providers-apache-pig/stable/objects.inv...
loading intersphinx inventory from /opt/airflow/docs/_build/docs/apache-airflow-providers-apache-pinot/stable/objects.inv...
loading intersphinx inventory from /opt/airflow/docs/_build/docs/apache-airflow-providers-celery/stable/objects.inv...
loading intersphinx inventory from /opt/airflow/docs/_build/docs/apache-airflow-providers-cloudant/stable/objects.inv...
loading intersphinx inventory from /opt/airflow/docs/_build/docs/apache-airflow-providers-cncf-kubernetes/stable/objects.inv...
loading intersphinx inventory from /opt/airflow/docs/_build/docs/apache-airflow-providers-databricks/stable/objects.inv...
loading intersphinx inventory from /opt/airflow/docs/_build/docs/apache-airflow-providers-apache-sqoop/stable/objects.inv...
loading intersphinx inventory from /opt/airflow/docs/_build/docs/apache-airflow-providers-dingding/stable/objects.inv...
loading intersphinx inventory from /opt/airflow/docs/_build/docs/apache-airflow-providers-apache-spark/stable/objects.inv...
loading intersphinx inventory from /opt/airflow/docs/_build/docs/apache-airflow-providers-datadog/stable/objects.inv...
loading intersphinx inventory from /opt/airflow/docs/_build/docs/apache-airflow-providers-discord/stable/objects.inv...
loading intersphinx inventory from /opt/airflow/docs/_build/docs/apache-airflow-providers-docker/stable/objects.inv...
loading intersphinx inventory from /opt/airflow/docs/_build/docs/apache-airflow-providers-elasticsearch/stable/objects.inv...
loading intersphinx inventory from /opt/airflow/docs/_build/docs/apache-airflow-providers-exasol/stable/objects.inv...
loading intersphinx inventory from /opt/airflow/docs/_build/docs/apache-airflow-providers-ftp/stable/objects.inv...
loading intersphinx inventory from /opt/airflow/docs/_build/docs/apache-airflow-providers-google/stable/objects.inv...
loading intersphinx inventory from /opt/airflow/docs/_build/docs/apache-airflow-providers-grpc/stable/objects.inv...
loading intersphinx inventory from /opt/airflow/docs/_build/docs/apache-airflow-providers-hashicorp/stable/objects.inv...
loading intersphinx inventory from /opt/airflow/docs/_build/docs/apache-airflow-providers-http/stable/objects.inv...
loading intersphinx inventory from /opt/airflow/docs/_build/docs/apache-airflow-providers-imap/stable/objects.inv...
loading intersphinx inventory from /opt/airflow/docs/_build/docs/apache-airflow-providers-jdbc/stable/objects.inv...
loading intersphinx inventory from /opt/airflow/docs/_build/docs/apache-airflow-providers-jenkins/stable/objects.inv...
loading intersphinx inventory from /opt/airflow/docs/_build/docs/apache-airflow-providers-jira/stable/objects.inv...
loading intersphinx inventory from /opt/airflow/docs/_build/docs/apache-airflow-providers-microsoft-azure/stable/objects.inv...
loading intersphinx inventory from /opt/airflow/docs/_build/docs/apache-airflow-providers-microsoft-mssql/stable/objects.inv...
loading intersphinx inventory from /opt/airflow/docs/_build/docs/apache-airflow-providers-microsoft-winrm/stable/objects.inv...
loading intersphinx inventory from /opt/airflow/docs/_build/docs/apache-airflow-providers-mongo/stable/objects.inv...
loading intersphinx inventory from /opt/airflow/docs/_build/docs/apache-airflow-providers-mysql/stable/objects.inv...
loading intersphinx inventory from /opt/airflow/docs/_build/docs/apache-airflow-providers-neo4j/stable/objects.inv...
loading intersphinx inventory from /opt/airflow/docs/_build/docs/apache-airflow-providers-odbc/stable/objects.inv...
loading intersphinx inventory from /opt/airflow/docs/_build/docs/apache-airflow-providers-openfaas/stable/objects.inv...
loading intersphinx inventory from /opt/airflow/docs/_build/docs/apache-airflow-providers-opsgenie/stable/objects.inv...
loading intersphinx inventory from /opt/airflow/docs/_build/docs/apache-airflow-providers-oracle/stable/objects.inv...
loading intersphinx inventory from /opt/airflow/docs/_build/docs/apache-airflow-providers-pagerduty/stable/objects.inv...
loading intersphinx inventory from /opt/airflow/docs/_build/docs/apache-airflow-providers-papermill/stable/objects.inv...
loading intersphinx inventory from /opt/airflow/docs/_build/docs/apache-airflow-providers-plexus/stable/objects.inv...
loading intersphinx inventory from /opt/airflow/docs/_build/docs/apache-airflow-providers-postgres/stable/objects.inv...
loading intersphinx inventory from /opt/airflow/docs/_build/docs/apache-airflow-providers-presto/stable/objects.inv...
loading intersphinx inventory from /opt/airflow/docs/_build/docs/apache-airflow-providers-qubole/stable/objects.inv...
loading intersphinx inventory from /opt/airflow/docs/_build/docs/apache-airflow-providers-redis/stable/objects.inv...
loading intersphinx inventory from /opt/airflow/docs/_build/docs/apache-airflow-providers-salesforce/stable/objects.inv...
loading intersphinx inventory from /opt/airflow/docs/_build/docs/apache-airflow-providers-samba/stable/objects.inv...
loading intersphinx inventory from /opt/airflow/docs/_build/docs/apache-airflow-providers-segment/stable/objects.inv...
loading intersphinx inventory from /opt/airflow/docs/_build/docs/apache-airflow-providers-sendgrid/stable/objects.inv...
loading intersphinx inventory from /opt/airflow/docs/_build/docs/apache-airflow-providers/objects.inv...
loading intersphinx inventory from /opt/airflow/docs/_build/docs/apache-airflow-providers-singularity/stable/objects.inv...
loading intersphinx inventory from /opt/airflow/docs/_build/docs/apache-airflow-providers-slack/stable/objects.inv...
loading intersphinx inventory from /opt/airflow/docs/_build/docs/apache-airflow-providers-snowflake/stable/objects.inv...
loading intersphinx inventory from /opt/airflow/docs/_build/docs/apache-airflow-providers-sqlite/stable/objects.inv...
loading intersphinx inventory from /opt/airflow/docs/_build/docs/apache-airflow-providers-ssh/stable/objects.inv...
loading intersphinx inventory from /opt/airflow/docs/_build/docs/apache-airflow-providers-tableau/stable/objects.inv...
loading intersphinx inventory from /opt/airflow/docs/_build/docs/apache-airflow-providers-telegram/stable/objects.inv...
loading intersphinx inventory from /opt/airflow/docs/_build/docs/apache-airflow-providers-trino/stable/objects.inv...
loading intersphinx inventory from /opt/airflow/docs/_build/docs/apache-airflow-providers-vertica/stable/objects.inv...
loading intersphinx inventory from /opt/airflow/docs/_build/docs/apache-airflow-providers-yandex/stable/objects.inv...
loading intersphinx inventory from /opt/airflow/docs/_build/docs/apache-airflow-providers-zendesk/stable/objects.inv...
loading intersphinx inventory from /opt/airflow/docs/_inventory_cache/apache-airflow/objects.inv...
loading intersphinx inventory from /opt/airflow/docs/_build/docs/apache-airflow-providers-sftp/stable/objects.inv...
loading intersphinx inventory from /opt/airflow/docs/_build/docs/docker-stack/objects.inv...
Could not found the redirect file: /opt/airflow/docs/apache-airflow-providers-facebook/redirects.txt
[01m[AutoAPI] [39;49;00m[32mLoading Data[39;49;00m
[01m[AutoAPI] Reading files... [39;49;00m[ 25%] /opt/airflow/airflow/providers/facebook/__init__.py[39;49;00m[01m[AutoAPI] Reading files... [39;49;00m[ 50%] /opt/airflow/airflow/providers/facebook/ads/__init__.py[39;49;00m[01m[AutoAPI] Reading files... [39;49;00m[ 75%] /opt/airflow/airflow/providers/facebook/ads/hooks/__init__.py[39;49;00m[01m[AutoAPI] Reading files... [39;49;00m[100%] /opt/airflow/airflow/providers/facebook/ads/hooks/ads.py[39;49;00m
[01m[AutoAPI] [39;49;00m[32mMapping Data[39;49;00m
[01m[AutoAPI] [39;49;00m[32mRendering Data[39;49;00m
[01mbuilding [mo]: [39;49;00mtargets for 0 po files that are out of date
[01mbuilding [spelling]: [39;49;00mall documents
[01mupdating environment: [39;49;00m[config changed ('intersphinx_mapping')] 6 added, 0 changed, 0 removed
[01mreading sources... [39;49;00m[ 16%] [35m_api/airflow/providers/facebook/ads/hooks/ads/index[39;49;00m[01mreading sources... [39;49;00m[ 33%] [35m_api/airflow/providers/facebook/ads/hooks/index[39;49;00m[01mreading sources... [39;49;00m[ 50%] [35m_api/airflow/providers/facebook/ads/index[39;49;00m[01mreading sources... [39;49;00m[ 66%] [35m_api/airflow/providers/facebook/index[39;49;00m[01mreading sources... [39;49;00m[ 83%] [35mcommits[39;49;00m[01mreading sources... [39;49;00m[100%] [35mindex[39;49;00m
[01mlooking for now-outdated files... [39;49;00mnone found
[01mpickling environment... [39;49;00mdone
[01mchecking consistency... [39;49;00mdone
[01mpreparing documents... [39;49;00mdone
[01mwriting output... [39;49;00m[ 16%] [32m_api/airflow/providers/facebook/ads/hooks/ads/index[39;49;00m[01mwriting output... [39;49;00m[ 33%] [32m_api/airflow/providers/facebook/ads/hooks/index[39;49;00m[01mwriting output... [39;49;00m[ 50%] [32m_api/airflow/providers/facebook/ads/index[39;49;00m[01mwriting output... [39;49;00m[ 66%] [32m_api/airflow/providers/facebook/index[39;49;00m[01mwriting output... [39;49;00m[ 83%] [32mcommits[39;49;00m[01mwriting output... [39;49;00m[100%] [32mindex[39;49;00m
[01mbuild succeeded.[39;49;00m
