[01mRunning Sphinx v3.4.3[39;49;00m
/usr/local/lib/python3.8/importlib/__init__.py:127 RemovedInSphinx40Warning: The alias 'sphinx.ext.autodoc.importer.mock' is deprecated, use 'sphinx.ext.autodoc.mock.mock' instead. Check CHANGES for Sphinx API modifications.
Initializing Spelling Checker 5.2.1
/usr/local/lib/python3.8/site-packages/sphinx_airflow_theme/__init__.py:39 RemovedInSphinx40Warning: The app.add_stylesheet() is deprecated. Please use app.add_css_file() instead.
[01mloading pickled environment... [39;49;00mdone
loading intersphinx inventory from /opt/airflow/docs/_inventory_cache/boto3/objects.inv...
loading intersphinx inventory from /opt/airflow/docs/_inventory_cache/celery/objects.inv...
loading intersphinx inventory from /opt/airflow/docs/_inventory_cache/hdfs/objects.inv...
loading intersphinx inventory from /opt/airflow/docs/_inventory_cache/jinja2/objects.inv...
loading intersphinx inventory from /opt/airflow/docs/_inventory_cache/mongodb/objects.inv...
loading intersphinx inventory from /opt/airflow/docs/_inventory_cache/pandas/objects.inv...
loading intersphinx inventory from /opt/airflow/docs/_inventory_cache/python/objects.inv...
loading intersphinx inventory from /opt/airflow/docs/_inventory_cache/requests/objects.inv...
loading intersphinx inventory from /opt/airflow/docs/_inventory_cache/sqlalchemy/objects.inv...
loading intersphinx inventory from /opt/airflow/docs/_inventory_cache/apache-airflow-providers-airbyte/objects.inv...
loading intersphinx inventory from /opt/airflow/docs/_inventory_cache/apache-airflow-providers-amazon/objects.inv...
loading intersphinx inventory from /opt/airflow/docs/_inventory_cache/apache-airflow-providers-apache-beam/objects.inv...
loading intersphinx inventory from /opt/airflow/docs/_inventory_cache/apache-airflow-providers-apache-cassandra/objects.inv...
loading intersphinx inventory from /opt/airflow/docs/_inventory_cache/apache-airflow-providers-apache-druid/objects.inv...
loading intersphinx inventory from /opt/airflow/docs/_inventory_cache/apache-airflow-providers-apache-hdfs/objects.inv...
loading intersphinx inventory from /opt/airflow/docs/_inventory_cache/apache-airflow-providers-apache-hive/objects.inv...
loading intersphinx inventory from /opt/airflow/docs/_inventory_cache/apache-airflow-providers-apache-kylin/objects.inv...
loading intersphinx inventory from /opt/airflow/docs/_inventory_cache/apache-airflow-providers-apache-livy/objects.inv...
loading intersphinx inventory from /opt/airflow/docs/_inventory_cache/apache-airflow-providers-apache-pig/objects.inv...
loading intersphinx inventory from /opt/airflow/docs/_inventory_cache/apache-airflow-providers-apache-pinot/objects.inv...
loading intersphinx inventory from /opt/airflow/docs/_inventory_cache/apache-airflow-providers-apache-spark/objects.inv...
loading intersphinx inventory from /opt/airflow/docs/_inventory_cache/apache-airflow-providers-celery/objects.inv...
loading intersphinx inventory from /opt/airflow/docs/_inventory_cache/apache-airflow-providers-cloudant/objects.inv...
loading intersphinx inventory from /opt/airflow/docs/_inventory_cache/apache-airflow-providers-cncf-kubernetes/objects.inv...
loading intersphinx inventory from /opt/airflow/docs/_inventory_cache/apache-airflow-providers-databricks/objects.inv...
loading intersphinx inventory from /opt/airflow/docs/_inventory_cache/apache-airflow-providers-datadog/objects.inv...
loading intersphinx inventory from /opt/airflow/docs/_inventory_cache/apache-airflow-providers-dingding/objects.inv...
loading intersphinx inventory from /opt/airflow/docs/_inventory_cache/apache-airflow-providers-discord/objects.inv...
loading intersphinx inventory from /opt/airflow/docs/_inventory_cache/apache-airflow-providers-docker/objects.inv...
loading intersphinx inventory from /opt/airflow/docs/_inventory_cache/apache-airflow-providers-elasticsearch/objects.inv...
loading intersphinx inventory from /opt/airflow/docs/_inventory_cache/apache-airflow-providers-exasol/objects.inv...
loading intersphinx inventory from /opt/airflow/docs/_inventory_cache/apache-airflow-providers-facebook/objects.inv...
loading intersphinx inventory from /opt/airflow/docs/_inventory_cache/apache-airflow-providers-ftp/objects.inv...
loading intersphinx inventory from /opt/airflow/docs/_inventory_cache/apache-airflow-providers-google/objects.inv...
loading intersphinx inventory from /opt/airflow/docs/_inventory_cache/apache-airflow-providers-grpc/objects.inv...
loading intersphinx inventory from /opt/airflow/docs/_inventory_cache/apache-airflow-providers-hashicorp/objects.inv...
loading intersphinx inventory from /opt/airflow/docs/_inventory_cache/apache-airflow-providers-http/objects.inv...
loading intersphinx inventory from /opt/airflow/docs/_inventory_cache/apache-airflow-providers-imap/objects.inv...
loading intersphinx inventory from /opt/airflow/docs/_inventory_cache/apache-airflow-providers-jdbc/objects.inv...
loading intersphinx inventory from /opt/airflow/docs/_inventory_cache/apache-airflow-providers-jenkins/objects.inv...
loading intersphinx inventory from /opt/airflow/docs/_inventory_cache/apache-airflow-providers-jira/objects.inv...
loading intersphinx inventory from /opt/airflow/docs/_inventory_cache/apache-airflow-providers-microsoft-azure/objects.inv...
loading intersphinx inventory from /opt/airflow/docs/_inventory_cache/apache-airflow-providers-microsoft-mssql/objects.inv...
loading intersphinx inventory from /opt/airflow/docs/_inventory_cache/apache-airflow-providers-microsoft-winrm/objects.inv...
loading intersphinx inventory from /opt/airflow/docs/_inventory_cache/apache-airflow-providers-mongo/objects.inv...
loading intersphinx inventory from /opt/airflow/docs/_inventory_cache/apache-airflow-providers-mysql/objects.inv...
loading intersphinx inventory from /opt/airflow/docs/_inventory_cache/apache-airflow-providers-neo4j/objects.inv...
loading intersphinx inventory from /opt/airflow/docs/_inventory_cache/apache-airflow-providers-odbc/objects.inv...
loading intersphinx inventory from /opt/airflow/docs/_inventory_cache/apache-airflow-providers-openfaas/objects.inv...
loading intersphinx inventory from /opt/airflow/docs/_inventory_cache/apache-airflow-providers-opsgenie/objects.inv...
loading intersphinx inventory from /opt/airflow/docs/_inventory_cache/apache-airflow-providers-oracle/objects.inv...
loading intersphinx inventory from /opt/airflow/docs/_inventory_cache/apache-airflow-providers-pagerduty/objects.inv...
loading intersphinx inventory from /opt/airflow/docs/_inventory_cache/apache-airflow-providers-papermill/objects.inv...
loading intersphinx inventory from /opt/airflow/docs/_inventory_cache/apache-airflow-providers-plexus/objects.inv...
loading intersphinx inventory from /opt/airflow/docs/_inventory_cache/apache-airflow-providers-postgres/objects.inv...
loading intersphinx inventory from /opt/airflow/docs/_inventory_cache/apache-airflow-providers-presto/objects.inv...
loading intersphinx inventory from /opt/airflow/docs/_inventory_cache/apache-airflow-providers-qubole/objects.inv...
loading intersphinx inventory from /opt/airflow/docs/_inventory_cache/apache-airflow-providers-redis/objects.inv...
loading intersphinx inventory from /opt/airflow/docs/_inventory_cache/apache-airflow-providers-salesforce/objects.inv...
loading intersphinx inventory from /opt/airflow/docs/_inventory_cache/apache-airflow-providers-samba/objects.inv...
loading intersphinx inventory from /opt/airflow/docs/_inventory_cache/apache-airflow-providers-segment/objects.inv...
loading intersphinx inventory from /opt/airflow/docs/_inventory_cache/apache-airflow-providers-sendgrid/objects.inv...
loading intersphinx inventory from /opt/airflow/docs/_inventory_cache/apache-airflow-providers-sftp/objects.inv...
loading intersphinx inventory from /opt/airflow/docs/_inventory_cache/apache-airflow-providers-singularity/objects.inv...
loading intersphinx inventory from /opt/airflow/docs/_inventory_cache/apache-airflow-providers-slack/objects.inv...
loading intersphinx inventory from /opt/airflow/docs/_inventory_cache/apache-airflow-providers-snowflake/objects.inv...
loading intersphinx inventory from /opt/airflow/docs/_inventory_cache/apache-airflow-providers-sqlite/objects.inv...
loading intersphinx inventory from /opt/airflow/docs/_inventory_cache/apache-airflow-providers-ssh/objects.inv...
loading intersphinx inventory from /opt/airflow/docs/_inventory_cache/apache-airflow-providers-tableau/objects.inv...
loading intersphinx inventory from /opt/airflow/docs/_inventory_cache/apache-airflow-providers-telegram/objects.inv...
loading intersphinx inventory from /opt/airflow/docs/_inventory_cache/apache-airflow-providers-trino/objects.inv...
loading intersphinx inventory from /opt/airflow/docs/_inventory_cache/apache-airflow-providers-vertica/objects.inv...
loading intersphinx inventory from /opt/airflow/docs/_inventory_cache/apache-airflow-providers-yandex/objects.inv...
loading intersphinx inventory from /opt/airflow/docs/_inventory_cache/apache-airflow-providers-zendesk/objects.inv...
loading intersphinx inventory from /opt/airflow/docs/_inventory_cache/apache-airflow/objects.inv...
loading intersphinx inventory from /opt/airflow/docs/_inventory_cache/apache-airflow-providers/objects.inv...
loading intersphinx inventory from /opt/airflow/docs/_build/docs/docker-stack/objects.inv...
Could not found the redirect file: /opt/airflow/docs/apache-airflow-providers-apache-sqoop/redirects.txt
[01m[AutoAPI] [39;49;00m[32mLoading Data[39;49;00m
[01m[AutoAPI] Reading files... [39;49;00m[ 20%] /opt/airflow/airflow/providers/apache/sqoop/__init__.py[39;49;00m[01m[AutoAPI] Reading files... [39;49;00m[ 40%] /opt/airflow/airflow/providers/apache/sqoop/operators/__init__.py[39;49;00m[01m[AutoAPI] Reading files... [39;49;00m[ 60%] /opt/airflow/airflow/providers/apache/sqoop/operators/sqoop.py[39;49;00m[01m[AutoAPI] Reading files... [39;49;00m[ 80%] /opt/airflow/airflow/providers/apache/sqoop/hooks/__init__.py[39;49;00m[01m[AutoAPI] Reading files... [39;49;00m[100%] /opt/airflow/airflow/providers/apache/sqoop/hooks/sqoop.py[39;49;00m
[01m[AutoAPI] [39;49;00m[32mMapping Data[39;49;00m
[01m[AutoAPI] [39;49;00m[32mRendering Data[39;49;00m
[01mbuilding [mo]: [39;49;00mtargets for 0 po files that are out of date
[01mbuilding [html]: [39;49;00mtargets for 7 source files that are out of date
[01mupdating environment: [39;49;00m[config changed ('intersphinx_mapping')] 7 added, 0 changed, 0 removed
[01mreading sources... [39;49;00m[ 14%] [35m_api/airflow/providers/apache/sqoop/hooks/index[39;49;00m[01mreading sources... [39;49;00m[ 28%] [35m_api/airflow/providers/apache/sqoop/hooks/sqoop/index[39;49;00m[01mreading sources... [39;49;00m[ 42%] [35m_api/airflow/providers/apache/sqoop/index[39;49;00m[01mreading sources... [39;49;00m[ 57%] [35m_api/airflow/providers/apache/sqoop/operators/index[39;49;00m[01mreading sources... [39;49;00m[ 71%] [35m_api/airflow/providers/apache/sqoop/operators/sqoop/index[39;49;00m[01mreading sources... [39;49;00m[ 85%] [35mcommits[39;49;00m[01mreading sources... [39;49;00m[100%] [35mindex[39;49;00m
[01mlooking for now-outdated files... [39;49;00mnone found
[01mpickling environment... [39;49;00mdone
[01mchecking consistency... [39;49;00mdone
[01mpreparing documents... [39;49;00mdone
[01mwriting output... [39;49;00m[ 14%] [32m_api/airflow/providers/apache/sqoop/hooks/index[39;49;00m[01mwriting output... [39;49;00m[ 28%] [32m_api/airflow/providers/apache/sqoop/hooks/sqoop/index[39;49;00m[01mwriting output... [39;49;00m[ 42%] [32m_api/airflow/providers/apache/sqoop/index[39;49;00m[01mwriting output... [39;49;00m[ 57%] [32m_api/airflow/providers/apache/sqoop/operators/index[39;49;00m[01mwriting output... [39;49;00m[ 71%] [32m_api/airflow/providers/apache/sqoop/operators/sqoop/index[39;49;00m[01mwriting output... [39;49;00m[ 85%] [32mcommits[39;49;00m[01mwriting output... [39;49;00m[100%] [32mindex[39;49;00m
[01mgenerating indices... [39;49;00mgenindex py-modindex done
[01mhighlighting module code... [39;49;00m[ 50%] [94mairflow.providers.apache.sqoop.hooks.sqoop[39;49;00m[01mhighlighting module code... [39;49;00m[100%] [94mairflow.providers.apache.sqoop.operators.sqoop[39;49;00m
[01mwriting additional pages... [39;49;00msearch done
[01mcopying static files... [39;49;00mdone
[01mcopying extra files... [39;49;00mdone
[01mdumping search index in English (code: en)... [39;49;00mdone
[01mdumping object inventory... [39;49;00mdone
[01mbuild succeeded.[39;49;00m

The HTML pages are in ../_build/docs/apache-airflow-providers-apache-sqoop/stable.
