[01mRunning Sphinx v5.3.0[39;49;00m
Initializing Spelling Checker 7.7.0
loading intersphinx inventory from /opt/airflow/docs/_inventory_cache/boto3/objects.inv...
loading intersphinx inventory from /opt/airflow/docs/_inventory_cache/celery/objects.inv...
loading intersphinx inventory from /opt/airflow/docs/_inventory_cache/docker/objects.inv...
loading intersphinx inventory from /opt/airflow/docs/_inventory_cache/hdfs/objects.inv...
loading intersphinx inventory from /opt/airflow/docs/_inventory_cache/jinja2/objects.inv...
loading intersphinx inventory from /opt/airflow/docs/_inventory_cache/mongodb/objects.inv...
loading intersphinx inventory from /opt/airflow/docs/_inventory_cache/pandas/objects.inv...
loading intersphinx inventory from /opt/airflow/docs/_inventory_cache/python/objects.inv...
loading intersphinx inventory from /opt/airflow/docs/_inventory_cache/requests/objects.inv...
loading intersphinx inventory from /opt/airflow/docs/_inventory_cache/sqlalchemy/objects.inv...
loading intersphinx inventory from /opt/airflow/docs/_build/docs/apache-airflow-providers-airbyte/stable/objects.inv...
loading intersphinx inventory from /opt/airflow/docs/_build/docs/apache-airflow-providers-alibaba/stable/objects.inv...
loading intersphinx inventory from /opt/airflow/docs/_inventory_cache/apache-airflow-providers-amazon/objects.inv...
loading intersphinx inventory from /opt/airflow/docs/_inventory_cache/apache-airflow-providers-apache-beam/objects.inv...
loading intersphinx inventory from /opt/airflow/docs/_build/docs/apache-airflow-providers-apache-cassandra/stable/objects.inv...
loading intersphinx inventory from /opt/airflow/docs/_build/docs/apache-airflow-providers-apache-drill/stable/objects.inv...
loading intersphinx inventory from /opt/airflow/docs/_build/docs/apache-airflow-providers-apache-druid/stable/objects.inv...
loading intersphinx inventory from /opt/airflow/docs/_build/docs/apache-airflow-providers-apache-hdfs/stable/objects.inv...
loading intersphinx inventory from /opt/airflow/docs/_build/docs/apache-airflow-providers-apache-hive/stable/objects.inv...
loading intersphinx inventory from /opt/airflow/docs/_build/docs/apache-airflow-providers-apache-kylin/stable/objects.inv...
loading intersphinx inventory from /opt/airflow/docs/_build/docs/apache-airflow-providers-apache-livy/stable/objects.inv...
loading intersphinx inventory from /opt/airflow/docs/_build/docs/apache-airflow-providers-apache-pig/stable/objects.inv...
loading intersphinx inventory from /opt/airflow/docs/_build/docs/apache-airflow-providers-apache-pinot/stable/objects.inv...
loading intersphinx inventory from /opt/airflow/docs/_build/docs/apache-airflow-providers-apache-spark/stable/objects.inv...
loading intersphinx inventory from /opt/airflow/docs/_build/docs/apache-airflow-providers-apache-sqoop/stable/objects.inv...
loading intersphinx inventory from /opt/airflow/docs/_build/docs/apache-airflow-providers-arangodb/stable/objects.inv...
loading intersphinx inventory from /opt/airflow/docs/_build/docs/apache-airflow-providers-asana/stable/objects.inv...
loading intersphinx inventory from /opt/airflow/docs/_build/docs/apache-airflow-providers-atlassian-jira/stable/objects.inv...
loading intersphinx inventory from /opt/airflow/docs/_build/docs/apache-airflow-providers-celery/stable/objects.inv...
loading intersphinx inventory from /opt/airflow/docs/_build/docs/apache-airflow-providers-cloudant/stable/objects.inv...
loading intersphinx inventory from /opt/airflow/docs/_build/docs/apache-airflow-providers-cncf-kubernetes/stable/objects.inv...
loading intersphinx inventory from /opt/airflow/docs/_build/docs/apache-airflow-providers-common-sql/stable/objects.inv...
loading intersphinx inventory from /opt/airflow/docs/_build/docs/apache-airflow-providers-databricks/stable/objects.inv...
loading intersphinx inventory from /opt/airflow/docs/_build/docs/apache-airflow-providers-datadog/stable/objects.inv...
loading intersphinx inventory from /opt/airflow/docs/_build/docs/apache-airflow-providers-dbt-cloud/stable/objects.inv...
loading intersphinx inventory from /opt/airflow/docs/_build/docs/apache-airflow-providers-dingding/stable/objects.inv...
loading intersphinx inventory from /opt/airflow/docs/_build/docs/apache-airflow-providers-discord/stable/objects.inv...
loading intersphinx inventory from /opt/airflow/docs/_build/docs/apache-airflow-providers-docker/stable/objects.inv...
loading intersphinx inventory from /opt/airflow/docs/_build/docs/apache-airflow-providers-elasticsearch/stable/objects.inv...
loading intersphinx inventory from /opt/airflow/docs/_build/docs/apache-airflow-providers-exasol/stable/objects.inv...
loading intersphinx inventory from /opt/airflow/docs/_build/docs/apache-airflow-providers-facebook/stable/objects.inv...
loading intersphinx inventory from /opt/airflow/docs/_build/docs/apache-airflow-providers-ftp/stable/objects.inv...
loading intersphinx inventory from /opt/airflow/docs/_build/docs/apache-airflow-providers-github/stable/objects.inv...
loading intersphinx inventory from /opt/airflow/docs/_inventory_cache/apache-airflow-providers-google/objects.inv...
loading intersphinx inventory from /opt/airflow/docs/_build/docs/apache-airflow-providers-grpc/stable/objects.inv...
loading intersphinx inventory from /opt/airflow/docs/_build/docs/apache-airflow-providers-hashicorp/stable/objects.inv...
loading intersphinx inventory from /opt/airflow/docs/_build/docs/apache-airflow-providers-http/stable/objects.inv...
loading intersphinx inventory from /opt/airflow/docs/_inventory_cache/apache-airflow-providers-imap/objects.inv...
loading intersphinx inventory from /opt/airflow/docs/_build/docs/apache-airflow-providers-influxdb/stable/objects.inv...
loading intersphinx inventory from /opt/airflow/docs/_inventory_cache/apache-airflow-providers-jdbc/objects.inv...
loading intersphinx inventory from /opt/airflow/docs/_build/docs/apache-airflow-providers-jenkins/stable/objects.inv...
loading intersphinx inventory from /opt/airflow/docs/_inventory_cache/apache-airflow-providers-microsoft-azure/objects.inv...
loading intersphinx inventory from /opt/airflow/docs/_build/docs/apache-airflow-providers-microsoft-mssql/stable/objects.inv...
loading intersphinx inventory from /opt/airflow/docs/_inventory_cache/apache-airflow-providers-microsoft-psrp/objects.inv...
loading intersphinx inventory from /opt/airflow/docs/_build/docs/apache-airflow-providers-microsoft-winrm/stable/objects.inv...
loading intersphinx inventory from /opt/airflow/docs/_inventory_cache/apache-airflow-providers-mongo/objects.inv...
loading intersphinx inventory from /opt/airflow/docs/_build/docs/apache-airflow-providers-mysql/stable/objects.inv...
loading intersphinx inventory from /opt/airflow/docs/_inventory_cache/apache-airflow-providers-neo4j/objects.inv...
loading intersphinx inventory from /opt/airflow/docs/_build/docs/apache-airflow-providers-odbc/stable/objects.inv...
loading intersphinx inventory from /opt/airflow/docs/_build/docs/apache-airflow-providers-opsgenie/stable/objects.inv...
loading intersphinx inventory from /opt/airflow/docs/_inventory_cache/apache-airflow-providers-oracle/objects.inv...
loading intersphinx inventory from /opt/airflow/docs/_build/docs/apache-airflow-providers-pagerduty/stable/objects.inv...
loading intersphinx inventory from /opt/airflow/docs/_inventory_cache/apache-airflow-providers-papermill/objects.inv...
loading intersphinx inventory from /opt/airflow/docs/_build/docs/apache-airflow-providers-plexus/stable/objects.inv...
loading intersphinx inventory from /opt/airflow/docs/_inventory_cache/apache-airflow-providers-postgres/objects.inv...
loading intersphinx inventory from /opt/airflow/docs/_inventory_cache/apache-airflow-providers-presto/objects.inv...
loading intersphinx inventory from /opt/airflow/docs/_inventory_cache/apache-airflow-providers-qubole/objects.inv...
loading intersphinx inventory from /opt/airflow/docs/_build/docs/apache-airflow-providers-redis/stable/objects.inv...
loading intersphinx inventory from /opt/airflow/docs/_inventory_cache/apache-airflow-providers-salesforce/objects.inv...
loading intersphinx inventory from /opt/airflow/docs/_build/docs/apache-airflow-providers-samba/stable/objects.inv...
loading intersphinx inventory from /opt/airflow/docs/_inventory_cache/apache-airflow-providers-segment/objects.inv...
loading intersphinx inventory from /opt/airflow/docs/_inventory_cache/apache-airflow-providers-sendgrid/objects.inv...
loading intersphinx inventory from /opt/airflow/docs/_inventory_cache/apache-airflow-providers-sftp/objects.inv...
loading intersphinx inventory from /opt/airflow/docs/_inventory_cache/apache-airflow-providers-singularity/objects.inv...
loading intersphinx inventory from /opt/airflow/docs/_inventory_cache/apache-airflow-providers-slack/objects.inv...
loading intersphinx inventory from /opt/airflow/docs/_inventory_cache/apache-airflow-providers-snowflake/objects.inv...
loading intersphinx inventory from /opt/airflow/docs/_inventory_cache/apache-airflow-providers-sqlite/objects.inv...
loading intersphinx inventory from /opt/airflow/docs/_inventory_cache/apache-airflow-providers-ssh/objects.inv...
loading intersphinx inventory from /opt/airflow/docs/_inventory_cache/apache-airflow-providers-tableau/objects.inv...
loading intersphinx inventory from /opt/airflow/docs/_inventory_cache/apache-airflow-providers-tabular/objects.inv...
loading intersphinx inventory from /opt/airflow/docs/_inventory_cache/apache-airflow-providers-telegram/objects.inv...
loading intersphinx inventory from /opt/airflow/docs/_inventory_cache/apache-airflow-providers-trino/objects.inv...
loading intersphinx inventory from /opt/airflow/docs/_inventory_cache/apache-airflow-providers-vertica/objects.inv...
loading intersphinx inventory from /opt/airflow/docs/_inventory_cache/apache-airflow-providers-yandex/objects.inv...
loading intersphinx inventory from /opt/airflow/docs/_inventory_cache/apache-airflow-providers-zendesk/objects.inv...
loading intersphinx inventory from /opt/airflow/docs/_inventory_cache/apache-airflow/objects.inv...
loading intersphinx inventory from /opt/airflow/docs/_inventory_cache/helm-chart/objects.inv...
loading intersphinx inventory from /opt/airflow/docs/_inventory_cache/apache-airflow-providers/objects.inv...
loading intersphinx inventory from /opt/airflow/docs/_inventory_cache/docker-stack/objects.inv...
Could not found the redirect file: /opt/airflow/docs/apache-airflow-providers-openfaas/redirects.txt
[01m[01m[AutoAPI] Reading files... [39;49;00m[39;49;00m[ 33%] [32m/opt/airflow/airflow/providers/openfaas/__init__.py[39;49;00m[01m[01m[AutoAPI] Reading files... [39;49;00m[39;49;00m[ 66%] [32m/opt/airflow/airflow/providers/openfaas/hooks/__init__.py[39;49;00m[01m[01m[AutoAPI] Reading files... [39;49;00m[39;49;00m[100%] [32m/opt/airflow/airflow/providers/openfaas/hooks/openfaas.py[39;49;00m
[01m[01m[AutoAPI] [39;49;00mMapping Data... [39;49;00m[ 33%] [32m/opt/airflow/airflow/providers/openfaas/__init__.py[39;49;00m[01m[01m[AutoAPI] [39;49;00mMapping Data... [39;49;00m[ 66%] [32m/opt/airflow/airflow/providers/openfaas/hooks/__init__.py[39;49;00m[01m[01m[AutoAPI] [39;49;00mMapping Data... [39;49;00m[100%] [32m/opt/airflow/airflow/providers/openfaas/hooks/openfaas.py[39;49;00m
[01m[01m[AutoAPI] [39;49;00mRendering Data... [39;49;00m[ 33%] [32mairflow.providers.openfaas[39;49;00m
[01m[01m[AutoAPI] [39;49;00mRendering Data... [39;49;00m[ 66%] [32mairflow.providers.openfaas.hooks[39;49;00m
[01m[01m[AutoAPI] [39;49;00mRendering Data... [39;49;00m[100%] [32mairflow.providers.openfaas.hooks.openfaas[39;49;00m

[autosummary] generating autosummary for: commits.rst, index.rst, installing-providers-from-sources.rst
[01mbuilding [mo]: [39;49;00mtargets for 0 po files that are out of date
[01mbuilding [html]: [39;49;00mtargets for 3 source files that are out of date
[01mupdating environment: [39;49;00m[new config] 6 added, 0 changed, 0 removed
[01mreading sources... [39;49;00m[ 16%] [35m_api/airflow/providers/openfaas/hooks/index[39;49;00m          [01mreading sources... [39;49;00m[ 33%] [35m_api/airflow/providers/openfaas/hooks/openfaas/index[39;49;00m [01mreading sources... [39;49;00m[ 50%] [35m_api/airflow/providers/openfaas/index[39;49;00m                [01mreading sources... [39;49;00m[ 66%] [35mcommits[39;49;00m                                              [01mreading sources... [39;49;00m[ 83%] [35mindex[39;49;00m                                                [01mreading sources... [39;49;00m[100%] [35minstalling-providers-from-sources[39;49;00m                    
[01mlooking for now-outdated files... [39;49;00mnone found
[01mpickling environment... [39;49;00mdone
[01mchecking consistency... [39;49;00mdone
[01mpreparing documents... [39;49;00mdone
[01mwriting output... [39;49;00m[ 16%] [32m_api/airflow/providers/openfaas/hooks/index[39;49;00m           [01mwriting output... [39;49;00m[ 33%] [32m_api/airflow/providers/openfaas/hooks/openfaas/index[39;49;00m  [01mwriting output... [39;49;00m[ 50%] [32m_api/airflow/providers/openfaas/index[39;49;00m                 [01mwriting output... [39;49;00m[ 66%] [32mcommits[39;49;00m                                               [01mwriting output... [39;49;00m[ 83%] [32mindex[39;49;00m                                                 [01mwriting output... [39;49;00m[100%] [32minstalling-providers-from-sources[39;49;00m                     
[01mgenerating indices... [39;49;00mgenindex py-modindex done
[01mhighlighting module code... [39;49;00m[100%] [94mairflow.providers.openfaas.hooks.openfaas[39;49;00m   
[01mwriting additional pages... [39;49;00msearch done
[01mcopying static files... [39;49;00mdone
[01mcopying extra files... [39;49;00mdone
[01mdumping search index in English (code: en)... [39;49;00mdone
[01mdumping object inventory... [39;49;00mdone
[01mbuild succeeded.[39;49;00m

The HTML pages are in ../_build/docs/apache-airflow-providers-openfaas/stable.
