[01mRunning Sphinx v3.4.3[39;49;00m
/usr/local/lib/python3.6/importlib/__init__.py:126 RemovedInSphinx40Warning: The alias 'sphinx.ext.autodoc.importer.mock' is deprecated, use 'sphinx.ext.autodoc.mock.mock' instead. Check CHANGES for Sphinx API modifications.
Initializing Spelling Checker 5.2.1
/usr/local/lib/python3.6/site-packages/sphinx_airflow_theme/__init__.py:39 RemovedInSphinx40Warning: The app.add_stylesheet() is deprecated. Please use app.add_css_file() instead.
loading intersphinx inventory from /opt/airflow/docs/_inventory_cache/boto3/objects.inv...
loading intersphinx inventory from /opt/airflow/docs/_inventory_cache/celery/objects.inv...
loading intersphinx inventory from /opt/airflow/docs/_inventory_cache/hdfs/objects.inv...
loading intersphinx inventory from /opt/airflow/docs/_inventory_cache/jinja2/objects.inv...
loading intersphinx inventory from /opt/airflow/docs/_inventory_cache/mongodb/objects.inv...
loading intersphinx inventory from /opt/airflow/docs/_inventory_cache/pandas/objects.inv...
loading intersphinx inventory from /opt/airflow/docs/_inventory_cache/python/objects.inv...
loading intersphinx inventory from /opt/airflow/docs/_inventory_cache/requests/objects.inv...
loading intersphinx inventory from /opt/airflow/docs/_inventory_cache/sqlalchemy/objects.inv...
loading intersphinx inventory from /opt/airflow/docs/_build/docs/apache-airflow-providers-airbyte/stable/objects.inv...
loading intersphinx inventory from /opt/airflow/docs/_inventory_cache/apache-airflow-providers-amazon/objects.inv...
loading intersphinx inventory from /opt/airflow/docs/_build/docs/apache-airflow-providers-apache-beam/stable/objects.inv...
loading intersphinx inventory from /opt/airflow/docs/_build/docs/apache-airflow-providers-apache-cassandra/stable/objects.inv...
loading intersphinx inventory from /opt/airflow/docs/_build/docs/apache-airflow-providers-apache-druid/stable/objects.inv...
loading intersphinx inventory from /opt/airflow/docs/_build/docs/apache-airflow-providers-apache-hdfs/stable/objects.inv...
loading intersphinx inventory from /opt/airflow/docs/_build/docs/apache-airflow-providers-apache-hive/stable/objects.inv...
loading intersphinx inventory from /opt/airflow/docs/_build/docs/apache-airflow-providers-apache-kylin/stable/objects.inv...
loading intersphinx inventory from /opt/airflow/docs/_build/docs/apache-airflow-providers-apache-livy/stable/objects.inv...
loading intersphinx inventory from /opt/airflow/docs/_build/docs/apache-airflow-providers-apache-pig/stable/objects.inv...
loading intersphinx inventory from /opt/airflow/docs/_build/docs/apache-airflow-providers-apache-pinot/stable/objects.inv...
loading intersphinx inventory from /opt/airflow/docs/_build/docs/apache-airflow-providers-apache-spark/stable/objects.inv...
loading intersphinx inventory from /opt/airflow/docs/_build/docs/apache-airflow-providers-apache-sqoop/stable/objects.inv...
loading intersphinx inventory from /opt/airflow/docs/_build/docs/apache-airflow-providers-celery/stable/objects.inv...
loading intersphinx inventory from /opt/airflow/docs/_build/docs/apache-airflow-providers-cloudant/stable/objects.inv...
loading intersphinx inventory from /opt/airflow/docs/_build/docs/apache-airflow-providers-cncf-kubernetes/stable/objects.inv...
loading intersphinx inventory from /opt/airflow/docs/_build/docs/apache-airflow-providers-databricks/stable/objects.inv...
loading intersphinx inventory from /opt/airflow/docs/_build/docs/apache-airflow-providers-datadog/stable/objects.inv...
loading intersphinx inventory from /opt/airflow/docs/_build/docs/apache-airflow-providers-dingding/stable/objects.inv...
loading intersphinx inventory from /opt/airflow/docs/_build/docs/apache-airflow-providers-discord/stable/objects.inv...
loading intersphinx inventory from /opt/airflow/docs/_build/docs/apache-airflow-providers-docker/stable/objects.inv...
loading intersphinx inventory from /opt/airflow/docs/_build/docs/apache-airflow-providers-elasticsearch/stable/objects.inv...
loading intersphinx inventory from /opt/airflow/docs/_build/docs/apache-airflow-providers-exasol/stable/objects.inv...
loading intersphinx inventory from /opt/airflow/docs/_build/docs/apache-airflow-providers-facebook/stable/objects.inv...
loading intersphinx inventory from /opt/airflow/docs/_build/docs/apache-airflow-providers-ftp/stable/objects.inv...
loading intersphinx inventory from /opt/airflow/docs/_inventory_cache/apache-airflow-providers-google/objects.inv...
loading intersphinx inventory from /opt/airflow/docs/_build/docs/apache-airflow-providers-grpc/stable/objects.inv...
loading intersphinx inventory from /opt/airflow/docs/_build/docs/apache-airflow-providers-hashicorp/stable/objects.inv...
loading intersphinx inventory from /opt/airflow/docs/_build/docs/apache-airflow-providers-http/stable/objects.inv...
loading intersphinx inventory from /opt/airflow/docs/_build/docs/apache-airflow-providers-imap/stable/objects.inv...
loading intersphinx inventory from /opt/airflow/docs/_build/docs/apache-airflow-providers-jdbc/stable/objects.inv...
loading intersphinx inventory from /opt/airflow/docs/_build/docs/apache-airflow-providers-jenkins/stable/objects.inv...
loading intersphinx inventory from /opt/airflow/docs/_build/docs/apache-airflow-providers-jira/stable/objects.inv...
loading intersphinx inventory from /opt/airflow/docs/_inventory_cache/apache-airflow-providers-microsoft-azure/objects.inv...
loading intersphinx inventory from /opt/airflow/docs/_build/docs/apache-airflow-providers-microsoft-mssql/stable/objects.inv...
loading intersphinx inventory from /opt/airflow/docs/_build/docs/apache-airflow-providers-microsoft-winrm/stable/objects.inv...
loading intersphinx inventory from /opt/airflow/docs/_build/docs/apache-airflow-providers-mongo/stable/objects.inv...
loading intersphinx inventory from /opt/airflow/docs/_build/docs/apache-airflow-providers-mysql/stable/objects.inv...
loading intersphinx inventory from /opt/airflow/docs/_build/docs/apache-airflow-providers-neo4j/stable/objects.inv...
loading intersphinx inventory from /opt/airflow/docs/_build/docs/apache-airflow-providers-odbc/stable/objects.inv...
loading intersphinx inventory from /opt/airflow/docs/_build/docs/apache-airflow-providers-openfaas/stable/objects.inv...
loading intersphinx inventory from /opt/airflow/docs/_build/docs/apache-airflow-providers-opsgenie/stable/objects.inv...
loading intersphinx inventory from /opt/airflow/docs/_build/docs/apache-airflow-providers-oracle/stable/objects.inv...
loading intersphinx inventory from /opt/airflow/docs/_build/docs/apache-airflow-providers-pagerduty/stable/objects.inv...
loading intersphinx inventory from /opt/airflow/docs/_build/docs/apache-airflow-providers-papermill/stable/objects.inv...
loading intersphinx inventory from /opt/airflow/docs/_build/docs/apache-airflow-providers-plexus/stable/objects.inv...
loading intersphinx inventory from /opt/airflow/docs/_build/docs/apache-airflow-providers-postgres/stable/objects.inv...
loading intersphinx inventory from /opt/airflow/docs/_inventory_cache/apache-airflow-providers-presto/objects.inv...
loading intersphinx inventory from /opt/airflow/docs/_build/docs/apache-airflow-providers-qubole/stable/objects.inv...
loading intersphinx inventory from /opt/airflow/docs/_inventory_cache/apache-airflow-providers-redis/objects.inv...
loading intersphinx inventory from /opt/airflow/docs/_build/docs/apache-airflow-providers-salesforce/stable/objects.inv...
loading intersphinx inventory from /opt/airflow/docs/_inventory_cache/apache-airflow-providers-samba/objects.inv...
loading intersphinx inventory from /opt/airflow/docs/_build/docs/apache-airflow-providers-segment/stable/objects.inv...
loading intersphinx inventory from /opt/airflow/docs/_build/docs/apache-airflow-providers-sendgrid/stable/objects.inv...
loading intersphinx inventory from /opt/airflow/docs/_build/docs/apache-airflow-providers-sftp/stable/objects.inv...
loading intersphinx inventory from /opt/airflow/docs/_inventory_cache/apache-airflow-providers-singularity/objects.inv...
loading intersphinx inventory from /opt/airflow/docs/_build/docs/apache-airflow-providers-slack/stable/objects.inv...
loading intersphinx inventory from /opt/airflow/docs/_inventory_cache/apache-airflow-providers-snowflake/objects.inv...
loading intersphinx inventory from /opt/airflow/docs/_build/docs/apache-airflow-providers-sqlite/stable/objects.inv...
loading intersphinx inventory from /opt/airflow/docs/_build/docs/apache-airflow-providers-tableau/stable/objects.inv...
loading intersphinx inventory from /opt/airflow/docs/_inventory_cache/apache-airflow-providers-telegram/objects.inv...
loading intersphinx inventory from /opt/airflow/docs/_build/docs/apache-airflow-providers-trino/stable/objects.inv...
loading intersphinx inventory from /opt/airflow/docs/_build/docs/apache-airflow-providers-vertica/stable/objects.inv...
loading intersphinx inventory from /opt/airflow/docs/_inventory_cache/apache-airflow-providers-yandex/objects.inv...
loading intersphinx inventory from /opt/airflow/docs/_build/docs/apache-airflow-providers-zendesk/stable/objects.inv...
loading intersphinx inventory from /opt/airflow/docs/_inventory_cache/apache-airflow/objects.inv...
loading intersphinx inventory from /opt/airflow/docs/_inventory_cache/apache-airflow-providers/objects.inv...
loading intersphinx inventory from /opt/airflow/docs/_inventory_cache/docker-stack/objects.inv...
Could not found the redirect file: /opt/airflow/docs/apache-airflow-providers-ssh/redirects.txt
[01m[AutoAPI] [39;49;00m[32mLoading Data[39;49;00m
[01m[AutoAPI] Reading files... [39;49;00m[ 20%] /opt/airflow/airflow/providers/ssh/__init__.py[39;49;00m[01m[AutoAPI] Reading files... [39;49;00m[ 40%] /opt/airflow/airflow/providers/ssh/operators/__init__.py[39;49;00m[01m[AutoAPI] Reading files... [39;49;00m[ 60%] /opt/airflow/airflow/providers/ssh/operators/ssh.py[39;49;00m[01m[AutoAPI] Reading files... [39;49;00m[ 80%] /opt/airflow/airflow/providers/ssh/hooks/__init__.py[39;49;00m[01m[AutoAPI] Reading files... [39;49;00m[100%] /opt/airflow/airflow/providers/ssh/hooks/ssh.py[39;49;00m
[01m[AutoAPI] [39;49;00m[32mMapping Data[39;49;00m
[01m[AutoAPI] [39;49;00m[32mRendering Data[39;49;00m
[01mbuilding [mo]: [39;49;00mtargets for 0 po files that are out of date
[01mbuilding [html]: [39;49;00mtargets for 3 source files that are out of date
[01mupdating environment: [39;49;00m[new config] 8 added, 0 changed, 0 removed
[01mreading sources... [39;49;00m[ 12%] [35m_api/airflow/providers/ssh/hooks/index[39;49;00m[01mreading sources... [39;49;00m[ 25%] [35m_api/airflow/providers/ssh/hooks/ssh/index[39;49;00m[01mreading sources... [39;49;00m[ 37%] [35m_api/airflow/providers/ssh/index[39;49;00m[01mreading sources... [39;49;00m[ 50%] [35m_api/airflow/providers/ssh/operators/index[39;49;00m[01mreading sources... [39;49;00m[ 62%] [35m_api/airflow/providers/ssh/operators/ssh/index[39;49;00m[01mreading sources... [39;49;00m[ 75%] [35mcommits[39;49;00m[01mreading sources... [39;49;00m[ 87%] [35mconnections/ssh[39;49;00m[01mreading sources... [39;49;00m[100%] [35mindex[39;49;00m
[01mlooking for now-outdated files... [39;49;00mnone found
[01mpickling environment... [39;49;00mdone
[01mchecking consistency... [39;49;00mdone
[01mpreparing documents... [39;49;00mdone
[01mwriting output... [39;49;00m[ 12%] [32m_api/airflow/providers/ssh/hooks/index[39;49;00m[01mwriting output... [39;49;00m[ 25%] [32m_api/airflow/providers/ssh/hooks/ssh/index[39;49;00m[01mwriting output... [39;49;00m[ 37%] [32m_api/airflow/providers/ssh/index[39;49;00m[01mwriting output... [39;49;00m[ 50%] [32m_api/airflow/providers/ssh/operators/index[39;49;00m[01mwriting output... [39;49;00m[ 62%] [32m_api/airflow/providers/ssh/operators/ssh/index[39;49;00m[01mwriting output... [39;49;00m[ 75%] [32mcommits[39;49;00m[01mwriting output... [39;49;00m[ 87%] [32mconnections/ssh[39;49;00m[01mwriting output... [39;49;00m[100%] [32mindex[39;49;00m
[01mgenerating indices... [39;49;00mgenindex py-modindex done
[01mhighlighting module code... [39;49;00m[ 50%] [94mairflow.providers.ssh.hooks.ssh[39;49;00m[01mhighlighting module code... [39;49;00m[100%] [94mairflow.providers.ssh.operators.ssh[39;49;00m
[01mwriting additional pages... [39;49;00msearch done
[01mcopying static files... [39;49;00mdone
[01mcopying extra files... [39;49;00mdone
[01mdumping search index in English (code: en)... [39;49;00mdone
[01mdumping object inventory... [39;49;00mdone
[01mbuild succeeded.[39;49;00m

The HTML pages are in ../_build/docs/apache-airflow-providers-ssh/stable.
