[01mRunning Sphinx v5.3.0[39;49;00m
Initializing Spelling Checker 8.0.0
[01mloading pickled environment... [39;49;00mdone
Ignoring wiki words
Ignoring acronyms
Ignoring Python builtins
Ignoring importable module names
Looking for custom word list in /opt/airflow/docs/spelling_wordlist.txt
loading intersphinx inventory from /opt/airflow/docs/_inventory_cache/boto3/objects.inv...
loading intersphinx inventory from /opt/airflow/docs/_inventory_cache/celery/objects.inv...
loading intersphinx inventory from /opt/airflow/docs/_inventory_cache/docker/objects.inv...
loading intersphinx inventory from /opt/airflow/docs/_inventory_cache/hdfs/objects.inv...
loading intersphinx inventory from /opt/airflow/docs/_inventory_cache/jinja2/objects.inv...
loading intersphinx inventory from /opt/airflow/docs/_inventory_cache/mongodb/objects.inv...
loading intersphinx inventory from /opt/airflow/docs/_inventory_cache/pandas/objects.inv...
loading intersphinx inventory from /opt/airflow/docs/_inventory_cache/python/objects.inv...
loading intersphinx inventory from /opt/airflow/docs/_inventory_cache/requests/objects.inv...
loading intersphinx inventory from /opt/airflow/docs/_inventory_cache/sqlalchemy/objects.inv...
loading intersphinx inventory from /opt/airflow/docs/_build/docs/apache-airflow-providers-airbyte/stable/objects.inv...
loading intersphinx inventory from /opt/airflow/docs/_build/docs/apache-airflow-providers-alibaba/stable/objects.inv...
loading intersphinx inventory from /opt/airflow/docs/_build/docs/apache-airflow-providers-amazon/stable/objects.inv...
loading intersphinx inventory from /opt/airflow/docs/_build/docs/apache-airflow-providers-apache-beam/stable/objects.inv...
loading intersphinx inventory from /opt/airflow/docs/_build/docs/apache-airflow-providers-apache-cassandra/stable/objects.inv...
loading intersphinx inventory from /opt/airflow/docs/_build/docs/apache-airflow-providers-apache-drill/stable/objects.inv...
loading intersphinx inventory from /opt/airflow/docs/_build/docs/apache-airflow-providers-apache-druid/stable/objects.inv...
loading intersphinx inventory from /opt/airflow/docs/_build/docs/apache-airflow-providers-apache-flink/stable/objects.inv...
loading intersphinx inventory from /opt/airflow/docs/_build/docs/apache-airflow-providers-apache-hdfs/stable/objects.inv...
loading intersphinx inventory from /opt/airflow/docs/_build/docs/apache-airflow-providers-apache-hive/stable/objects.inv...
loading intersphinx inventory from /opt/airflow/docs/_build/docs/apache-airflow-providers-apache-impala/stable/objects.inv...
loading intersphinx inventory from /opt/airflow/docs/_build/docs/apache-airflow-providers-apache-kafka/stable/objects.inv...
loading intersphinx inventory from /opt/airflow/docs/_build/docs/apache-airflow-providers-apache-kylin/stable/objects.inv...
loading intersphinx inventory from /opt/airflow/docs/_build/docs/apache-airflow-providers-apache-livy/stable/objects.inv...
loading intersphinx inventory from /opt/airflow/docs/_build/docs/apache-airflow-providers-apache-pig/stable/objects.inv...
loading intersphinx inventory from /opt/airflow/docs/_build/docs/apache-airflow-providers-apache-pinot/stable/objects.inv...
loading intersphinx inventory from /opt/airflow/docs/_build/docs/apache-airflow-providers-apache-spark/stable/objects.inv...
loading intersphinx inventory from /opt/airflow/docs/_build/docs/apache-airflow-providers-apache-sqoop/stable/objects.inv...
loading intersphinx inventory from /opt/airflow/docs/_build/docs/apache-airflow-providers-arangodb/stable/objects.inv...
loading intersphinx inventory from /opt/airflow/docs/_build/docs/apache-airflow-providers-asana/stable/objects.inv...
loading intersphinx inventory from /opt/airflow/docs/_build/docs/apache-airflow-providers-atlassian-jira/stable/objects.inv...
loading intersphinx inventory from /opt/airflow/docs/_build/docs/apache-airflow-providers-celery/stable/objects.inv...
loading intersphinx inventory from /opt/airflow/docs/_build/docs/apache-airflow-providers-cloudant/stable/objects.inv...
loading intersphinx inventory from /opt/airflow/docs/_build/docs/apache-airflow-providers-cncf-kubernetes/stable/objects.inv...
loading intersphinx inventory from /opt/airflow/docs/_build/docs/apache-airflow-providers-common-sql/stable/objects.inv...
loading intersphinx inventory from /opt/airflow/docs/_build/docs/apache-airflow-providers-databricks/stable/objects.inv...
loading intersphinx inventory from /opt/airflow/docs/_build/docs/apache-airflow-providers-datadog/stable/objects.inv...
loading intersphinx inventory from /opt/airflow/docs/_build/docs/apache-airflow-providers-dbt-cloud/stable/objects.inv...
loading intersphinx inventory from /opt/airflow/docs/_build/docs/apache-airflow-providers-dingding/stable/objects.inv...
loading intersphinx inventory from /opt/airflow/docs/_build/docs/apache-airflow-providers-discord/stable/objects.inv...
loading intersphinx inventory from /opt/airflow/docs/_build/docs/apache-airflow-providers-docker/stable/objects.inv...
loading intersphinx inventory from /opt/airflow/docs/_build/docs/apache-airflow-providers-elasticsearch/stable/objects.inv...
loading intersphinx inventory from /opt/airflow/docs/_build/docs/apache-airflow-providers-exasol/stable/objects.inv...
loading intersphinx inventory from /opt/airflow/docs/_build/docs/apache-airflow-providers-facebook/stable/objects.inv...
loading intersphinx inventory from /opt/airflow/docs/_build/docs/apache-airflow-providers-ftp/stable/objects.inv...
loading intersphinx inventory from /opt/airflow/docs/_build/docs/apache-airflow-providers-github/stable/objects.inv...
loading intersphinx inventory from /opt/airflow/docs/_build/docs/apache-airflow-providers-google/stable/objects.inv...
loading intersphinx inventory from /opt/airflow/docs/_build/docs/apache-airflow-providers-hashicorp/stable/objects.inv...
loading intersphinx inventory from /opt/airflow/docs/_build/docs/apache-airflow-providers-http/stable/objects.inv...
loading intersphinx inventory from /opt/airflow/docs/_build/docs/apache-airflow-providers-imap/stable/objects.inv...
loading intersphinx inventory from /opt/airflow/docs/_build/docs/apache-airflow-providers-influxdb/stable/objects.inv...
loading intersphinx inventory from /opt/airflow/docs/_build/docs/apache-airflow-providers-jdbc/stable/objects.inv...
loading intersphinx inventory from /opt/airflow/docs/_build/docs/apache-airflow-providers-jenkins/stable/objects.inv...
loading intersphinx inventory from /opt/airflow/docs/_build/docs/apache-airflow-providers-microsoft-azure/stable/objects.inv...
loading intersphinx inventory from /opt/airflow/docs/_build/docs/apache-airflow-providers-microsoft-mssql/stable/objects.inv...
loading intersphinx inventory from /opt/airflow/docs/_build/docs/apache-airflow-providers-microsoft-psrp/stable/objects.inv...
loading intersphinx inventory from /opt/airflow/docs/_build/docs/apache-airflow-providers-microsoft-winrm/stable/objects.inv...
loading intersphinx inventory from /opt/airflow/docs/_build/docs/apache-airflow-providers-mongo/stable/objects.inv...
loading intersphinx inventory from /opt/airflow/docs/_build/docs/apache-airflow-providers-mysql/stable/objects.inv...
loading intersphinx inventory from /opt/airflow/docs/_build/docs/apache-airflow-providers-neo4j/stable/objects.inv...
loading intersphinx inventory from /opt/airflow/docs/_build/docs/apache-airflow-providers-odbc/stable/objects.inv...
loading intersphinx inventory from /opt/airflow/docs/_build/docs/apache-airflow-providers-openfaas/stable/objects.inv...
loading intersphinx inventory from /opt/airflow/docs/_build/docs/apache-airflow-providers-openlineage/stable/objects.inv...
loading intersphinx inventory from /opt/airflow/docs/_build/docs/apache-airflow-providers-opsgenie/stable/objects.inv...
loading intersphinx inventory from /opt/airflow/docs/_build/docs/apache-airflow-providers-oracle/stable/objects.inv...
loading intersphinx inventory from /opt/airflow/docs/_build/docs/apache-airflow-providers-pagerduty/stable/objects.inv...
loading intersphinx inventory from /opt/airflow/docs/_build/docs/apache-airflow-providers-papermill/stable/objects.inv...
loading intersphinx inventory from /opt/airflow/docs/_build/docs/apache-airflow-providers-plexus/stable/objects.inv...
loading intersphinx inventory from /opt/airflow/docs/_build/docs/apache-airflow-providers-postgres/stable/objects.inv...
loading intersphinx inventory from /opt/airflow/docs/_build/docs/apache-airflow-providers-presto/stable/objects.inv...
loading intersphinx inventory from /opt/airflow/docs/_build/docs/apache-airflow-providers-qubole/stable/objects.inv...
loading intersphinx inventory from /opt/airflow/docs/_build/docs/apache-airflow-providers-redis/stable/objects.inv...
loading intersphinx inventory from /opt/airflow/docs/_build/docs/apache-airflow-providers-salesforce/stable/objects.inv...
loading intersphinx inventory from /opt/airflow/docs/_build/docs/apache-airflow-providers-samba/stable/objects.inv...
loading intersphinx inventory from /opt/airflow/docs/_build/docs/apache-airflow-providers-segment/stable/objects.inv...
loading intersphinx inventory from /opt/airflow/docs/_build/docs/apache-airflow-providers-sendgrid/stable/objects.inv...
loading intersphinx inventory from /opt/airflow/docs/_build/docs/apache-airflow-providers-sftp/stable/objects.inv...
loading intersphinx inventory from /opt/airflow/docs/_build/docs/apache-airflow-providers-singularity/stable/objects.inv...
loading intersphinx inventory from /opt/airflow/docs/_build/docs/apache-airflow-providers-slack/stable/objects.inv...
loading intersphinx inventory from /opt/airflow/docs/_build/docs/apache-airflow-providers-smtp/stable/objects.inv...
loading intersphinx inventory from /opt/airflow/docs/_build/docs/apache-airflow-providers-snowflake/stable/objects.inv...
loading intersphinx inventory from /opt/airflow/docs/_build/docs/apache-airflow-providers-sqlite/stable/objects.inv...
loading intersphinx inventory from /opt/airflow/docs/_build/docs/apache-airflow-providers-ssh/stable/objects.inv...
loading intersphinx inventory from /opt/airflow/docs/_build/docs/apache-airflow-providers-tableau/stable/objects.inv...
loading intersphinx inventory from /opt/airflow/docs/_build/docs/apache-airflow-providers-tabular/stable/objects.inv...
loading intersphinx inventory from /opt/airflow/docs/_build/docs/apache-airflow-providers-telegram/stable/objects.inv...
loading intersphinx inventory from /opt/airflow/docs/_build/docs/apache-airflow-providers-trino/stable/objects.inv...
loading intersphinx inventory from /opt/airflow/docs/_build/docs/apache-airflow-providers-vertica/stable/objects.inv...
loading intersphinx inventory from /opt/airflow/docs/_build/docs/apache-airflow-providers-zendesk/stable/objects.inv...
loading intersphinx inventory from /opt/airflow/docs/_inventory_cache/apache-airflow/objects.inv...
loading intersphinx inventory from /opt/airflow/docs/_inventory_cache/helm-chart/objects.inv...
loading intersphinx inventory from /opt/airflow/docs/_build/docs/apache-airflow-providers/objects.inv...
loading intersphinx inventory from /opt/airflow/docs/_inventory_cache/docker-stack/objects.inv...
[autosummary] generating autosummary for: _api/airflow/providers/grpc/hooks/grpc/index.rst, _api/airflow/providers/grpc/hooks/index.rst, _api/airflow/providers/grpc/index.rst, _api/airflow/providers/grpc/operators/grpc/index.rst, _api/airflow/providers/grpc/operators/index.rst, commits.rst, connections/grpc.rst, index.rst, installing-providers-from-sources.rst
[01mbuilding [mo]: [39;49;00mtargets for 0 po files that are out of date
[01mbuilding [spelling]: [39;49;00mall documents
[01mupdating environment: [39;49;00m0 added, 0 changed, 0 removed
[01mlooking for now-outdated files... [39;49;00mnone found
[01mpreparing documents... [39;49;00mdone
[01mwriting output... [39;49;00m[ 11%] [32m_api/airflow/providers/grpc/hooks/grpc/index[39;49;00m          [01mwriting output... [39;49;00m[ 22%] [32m_api/airflow/providers/grpc/hooks/index[39;49;00m               [01mwriting output... [39;49;00m[ 33%] [32m_api/airflow/providers/grpc/index[39;49;00m                     [01mwriting output... [39;49;00m[ 44%] [32m_api/airflow/providers/grpc/operators/grpc/index[39;49;00m      [01mwriting output... [39;49;00m[ 55%] [32m_api/airflow/providers/grpc/operators/index[39;49;00m           [01mwriting output... [39;49;00m[ 66%] [32mcommits[39;49;00m                                               [01mwriting output... [39;49;00m[ 77%] [32mconnections/grpc[39;49;00m                                      [01mwriting output... [39;49;00m[ 88%] [32mindex[39;49;00m                                                 [01mwriting output... [39;49;00m[100%] [32minstalling-providers-from-sources[39;49;00m                     
[01mbuild succeeded.[39;49;00m
